log started: Fri Jun 17 12:12:25 2016

Log file: ./leap.log
>> #
>> # ----- leaprc for loading the ff14SBonlysc (ff14SB only side chain) force field
>> # ----- NOTE: this is designed for PDB format 3!
>> #    Uses frcmod.ff14SB + frcmod.ff99SB14 for proteins
>> #       = ff99SB backbone + ff14SB side chains;
>> #
>> #	load atom type hybridizations
>> #
>> addAtomTypes {
>> 	{ "H"   "H" "sp3" }
>> 	{ "HO"  "H" "sp3" }
>> 	{ "HS"  "H" "sp3" }
>> 	{ "H1"  "H" "sp3" }
>> 	{ "H2"  "H" "sp3" }
>> 	{ "H3"  "H" "sp3" }
>> 	{ "H4"  "H" "sp3" }
>> 	{ "H5"  "H" "sp3" }
>> 	{ "HW"  "H" "sp3" }
>> 	{ "HC"  "H" "sp3" }
>> 	{ "HA"  "H" "sp3" }
>> 	{ "HP"  "H" "sp3" }
>> 	{ "HZ"  "H" "sp3" }
>> 	{ "OH"  "O" "sp3" }
>> 	{ "OS"  "O" "sp3" }
>> 	{ "O"   "O" "sp2" }
>> 	{ "O2"  "O" "sp2" }
>> 	{ "OP"  "O" "sp2" }
>> 	{ "OW"  "O" "sp3" }
>> 	{ "CT"  "C" "sp3" }
>> 	{ "CX"  "C" "sp3" }
>> 	{ "C8"  "C" "sp3" }
>> 	{ "2C"  "C" "sp3" }
>> 	{ "3C"  "C" "sp3" }
>> 	{ "CH"  "C" "sp3" }
>> 	{ "CS"  "C" "sp2" }
>> 	{ "C"   "C" "sp2" }
>> 	{ "CO"   "C" "sp2" }
>> 	{ "C*"  "C" "sp2" }
>> 	{ "CA"  "C" "sp2" }
>> 	{ "CB"  "C" "sp2" }
>> 	{ "CC"  "C" "sp2" }
>> 	{ "CN"  "C" "sp2" }
>> 	{ "CM"  "C" "sp2" }
>> 	{ "CK"  "C" "sp2" }
>> 	{ "CQ"  "C" "sp2" }
>> 	{ "CD"  "C" "sp2" }
>> 	{ "C5"  "C" "sp2" }
>> 	{ "C4"  "C" "sp2" }
>> 	{ "CP"  "C" "sp2" }
>> 	{ "CI"  "C" "sp3" }
>> 	{ "CJ"  "C" "sp2" }
>> 	{ "CW"  "C" "sp2" }
>> 	{ "CV"  "C" "sp2" }
>> 	{ "CR"  "C" "sp2" }
>> 	{ "CA"  "C" "sp2" }
>> 	{ "CY"  "C" "sp2" }
>> 	{ "C0"  "Ca" "sp3" }
>> 	{ "MG"  "Mg" "sp3" }
>> 	{ "N"   "N" "sp2" }
>> 	{ "NA"  "N" "sp2" }
>> 	{ "N2"  "N" "sp2" }
>> 	{ "N*"  "N" "sp2" }
>> 	{ "NP"  "N" "sp2" }
>> 	{ "NQ"  "N" "sp2" }
>> 	{ "NB"  "N" "sp2" }
>> 	{ "NC"  "N" "sp2" }
>> 	{ "NT"  "N" "sp3" }
>> 	{ "NY"  "N" "sp2" }
>> 	{ "N3"  "N" "sp3" }
>> 	{ "S"   "S" "sp3" }
>> 	{ "SH"  "S" "sp3" }
>> 	{ "P"   "P" "sp3" }
>> 	{ "LP"  ""  "sp3" }
>> 	{ "EP"  ""  "sp3" }
>> 	{ "F"   "F" "sp3" }
>> 	{ "Cl"  "Cl" "sp3" }
>> 	{ "Br"  "Br" "sp3" }
>> 	{ "I"   "I"  "sp3" }
>> }
>> #
>> #	Load the main parameter set.
>> #
>> parm10 = loadamberparams parm10.dat
Loading parameters: /project1/dacase-001/haichit/amber/amber16/dat/leap/parm/parm10.dat
Reading title:
PARM99 + frcmod.ff99SB + frcmod.parmbsc0 + OL3 for RNA
(UNKNOWN ATOM TYPE: Zn)
(UNKNOWN ATOM TYPE: EP)
>> frcmod14SB = loadamberparams frcmod.ff14SB
Loading parameters: /project1/dacase-001/haichit/amber/amber16/dat/leap/parm/frcmod.ff14SB
Reading force field modification type file (frcmod)
Reading title:
ff14SB protein backbone and sidechain parameters
>> frcmod99SBbb = loadamberparams frcmod.ff99SB14
Loading parameters: /project1/dacase-001/haichit/amber/amber16/dat/leap/parm/frcmod.ff99SB14
Reading force field modification type file (frcmod)
Reading title:
ff99SB backbone parameters (Hornak & Simmerling) with ff14SB atom types
>> #
>> #	Load main chain and terminating amino acid libraries, nucleic acids
>> #
>> loadOff amino12.lib
Loading library: /project1/dacase-001/haichit/amber/amber16/dat/leap/lib/amino12.lib
Loading: ALA
Loading: ARG
Loading: ASH
Loading: ASN
Loading: ASP
Loading: CYM
Loading: CYS
Loading: CYX
Loading: GLH
Loading: GLN
Loading: GLU
Loading: GLY
Loading: HID
Loading: HIE
Loading: HIP
Loading: HYP
Loading: ILE
Loading: LEU
Loading: LYN
Loading: LYS
Loading: MET
Loading: PHE
Loading: PRO
Loading: SER
Loading: THR
Loading: TRP
Loading: TYR
Loading: VAL
>> loadOff aminoct12.lib
Loading library: /project1/dacase-001/haichit/amber/amber16/dat/leap/lib/aminoct12.lib
Loading: CALA
Loading: CARG
Loading: CASN
Loading: CASP
Loading: CCYS
Loading: CCYX
Loading: CGLN
Loading: CGLU
Loading: CGLY
Loading: CHID
Loading: CHIE
Loading: CHIP
Loading: CHYP
Loading: CILE
Loading: CLEU
Loading: CLYS
Loading: CMET
Loading: CPHE
Loading: CPRO
Loading: CSER
Loading: CTHR
Loading: CTRP
Loading: CTYR
Loading: CVAL
Loading: NHE
Loading: NME
>> loadOff aminont12.lib
Loading library: /project1/dacase-001/haichit/amber/amber16/dat/leap/lib/aminont12.lib
Loading: ACE
Loading: NALA
Loading: NARG
Loading: NASN
Loading: NASP
Loading: NCYS
Loading: NCYX
Loading: NGLN
Loading: NGLU
Loading: NGLY
Loading: NHID
Loading: NHIE
Loading: NHIP
Loading: NILE
Loading: NLEU
Loading: NLYS
Loading: NMET
Loading: NPHE
Loading: NPRO
Loading: NSER
Loading: NTHR
Loading: NTRP
Loading: NTYR
Loading: NVAL
>> 
>> #
>> #	Define the PDB name map for the amino acids and nucleic acids
>> #
>> addPdbResMap {
>>   { 0 "HYP" "NHYP" } { 1 "HYP" "CHYP" }
>>   { 0 "ALA" "NALA" } { 1 "ALA" "CALA" }
>>   { 0 "ARG" "NARG" } { 1 "ARG" "CARG" }
>>   { 0 "ASN" "NASN" } { 1 "ASN" "CASN" }
>>   { 0 "ASP" "NASP" } { 1 "ASP" "CASP" }
>>   { 0 "CYS" "NCYS" } { 1 "CYS" "CCYS" }
>>   { 0 "CYX" "NCYX" } { 1 "CYX" "CCYX" }
>>   { 0 "GLN" "NGLN" } { 1 "GLN" "CGLN" }
>>   { 0 "GLU" "NGLU" } { 1 "GLU" "CGLU" }
>>   { 0 "GLY" "NGLY" } { 1 "GLY" "CGLY" }
>>   { 0 "HID" "NHID" } { 1 "HID" "CHID" }
>>   { 0 "HIE" "NHIE" } { 1 "HIE" "CHIE" }
>>   { 0 "HIP" "NHIP" } { 1 "HIP" "CHIP" }
>>   { 0 "ILE" "NILE" } { 1 "ILE" "CILE" }
>>   { 0 "LEU" "NLEU" } { 1 "LEU" "CLEU" }
>>   { 0 "LYS" "NLYS" } { 1 "LYS" "CLYS" }
>>   { 0 "MET" "NMET" } { 1 "MET" "CMET" }
>>   { 0 "PHE" "NPHE" } { 1 "PHE" "CPHE" }
>>   { 0 "PRO" "NPRO" } { 1 "PRO" "CPRO" }
>>   { 0 "SER" "NSER" } { 1 "SER" "CSER" }
>>   { 0 "THR" "NTHR" } { 1 "THR" "CTHR" }
>>   { 0 "TRP" "NTRP" } { 1 "TRP" "CTRP" }
>>   { 0 "TYR" "NTYR" } { 1 "TYR" "CTYR" }
>>   { 0 "VAL" "NVAL" } { 1 "VAL" "CVAL" }
>>   { 0 "HIS" "NHIS" } { 1 "HIS" "CHIS" }
>> }
>> 
>> #
>> # assume that most often proteins use HIE
>> #
>> NHIS = NHIE
>> HIS = HIE
>> CHIS = CHIE
> 
> m = loadpdb NoH_9_2_9_9_repacked_wt_round_2_0020.pdb
Loading PDB file: ./NoH_9_2_9_9_repacked_wt_round_2_0020.pdb
Enter zPdbReadScan from call depth  0.
 (starting new molecule for chain B)
Exit  zPdbReadScan from call depth  0.
Matching PDB residue names to LEaP variables.
Mapped residue PHE, term: Terminal/beginning, seq. number: 0 to: NPHE.
(Residue 1: LEU, Nonterminal, was not found in name map.)
(Residue 2: GLY, Nonterminal, was not found in name map.)
(Residue 3: GLU, Nonterminal, was not found in name map.)
(Residue 4: GLU, Nonterminal, was not found in name map.)
(Residue 5: ASP, Nonterminal, was not found in name map.)
(Residue 6: ILE, Nonterminal, was not found in name map.)
(Residue 7: PRO, Nonterminal, was not found in name map.)
(Residue 8: ARG, Nonterminal, was not found in name map.)
(Residue 9: GLU, Nonterminal, was not found in name map.)
(Residue 10: PRO, Nonterminal, was not found in name map.)
(Residue 11: ARG, Nonterminal, was not found in name map.)
(Residue 12: ARG, Nonterminal, was not found in name map.)
(Residue 13: ILE, Nonterminal, was not found in name map.)
(Residue 14: VAL, Nonterminal, was not found in name map.)
(Residue 15: ILE, Nonterminal, was not found in name map.)
(Residue 16: HIS, Nonterminal, was not found in name map.)
(Residue 17: ARG, Nonterminal, was not found in name map.)
(Residue 18: GLY, Nonterminal, was not found in name map.)
(Residue 19: SER, Nonterminal, was not found in name map.)
(Residue 20: THR, Nonterminal, was not found in name map.)
(Residue 21: GLY, Nonterminal, was not found in name map.)
(Residue 22: LEU, Nonterminal, was not found in name map.)
(Residue 23: GLY, Nonterminal, was not found in name map.)
(Residue 24: PHE, Nonterminal, was not found in name map.)
(Residue 25: ASN, Nonterminal, was not found in name map.)
(Residue 26: ILE, Nonterminal, was not found in name map.)
(Residue 27: ILE, Nonterminal, was not found in name map.)
(Residue 28: GLY, Nonterminal, was not found in name map.)
(Residue 29: GLY, Nonterminal, was not found in name map.)
(Residue 30: GLU, Nonterminal, was not found in name map.)
(Residue 31: ASP, Nonterminal, was not found in name map.)
(Residue 32: GLY, Nonterminal, was not found in name map.)
(Residue 33: GLU, Nonterminal, was not found in name map.)
(Residue 34: GLY, Nonterminal, was not found in name map.)
(Residue 35: ILE, Nonterminal, was not found in name map.)
(Residue 36: PHE, Nonterminal, was not found in name map.)
(Residue 37: ILE, Nonterminal, was not found in name map.)
(Residue 38: SER, Nonterminal, was not found in name map.)
(Residue 39: PHE, Nonterminal, was not found in name map.)
(Residue 40: ILE, Nonterminal, was not found in name map.)
(Residue 41: LEU, Nonterminal, was not found in name map.)
(Residue 42: ALA, Nonterminal, was not found in name map.)
(Residue 43: GLY, Nonterminal, was not found in name map.)
(Residue 44: GLY, Nonterminal, was not found in name map.)
(Residue 45: PRO, Nonterminal, was not found in name map.)
(Residue 46: ALA, Nonterminal, was not found in name map.)
(Residue 47: ASP, Nonterminal, was not found in name map.)
(Residue 48: LEU, Nonterminal, was not found in name map.)
(Residue 49: SER, Nonterminal, was not found in name map.)
(Residue 50: GLY, Nonterminal, was not found in name map.)
(Residue 51: GLU, Nonterminal, was not found in name map.)
(Residue 52: LEU, Nonterminal, was not found in name map.)
(Residue 53: ARG, Nonterminal, was not found in name map.)
(Residue 54: LYS, Nonterminal, was not found in name map.)
(Residue 55: GLY, Nonterminal, was not found in name map.)
(Residue 56: ASP, Nonterminal, was not found in name map.)
(Residue 57: GLN, Nonterminal, was not found in name map.)
(Residue 58: ILE, Nonterminal, was not found in name map.)
(Residue 59: LEU, Nonterminal, was not found in name map.)
(Residue 60: SER, Nonterminal, was not found in name map.)
(Residue 61: VAL, Nonterminal, was not found in name map.)
(Residue 62: ASN, Nonterminal, was not found in name map.)
(Residue 63: GLY, Nonterminal, was not found in name map.)
(Residue 64: VAL, Nonterminal, was not found in name map.)
(Residue 65: ASP, Nonterminal, was not found in name map.)
(Residue 66: LEU, Nonterminal, was not found in name map.)
(Residue 67: ARG, Nonterminal, was not found in name map.)
(Residue 68: ASN, Nonterminal, was not found in name map.)
(Residue 69: ALA, Nonterminal, was not found in name map.)
(Residue 70: SER, Nonterminal, was not found in name map.)
(Residue 71: HIS, Nonterminal, was not found in name map.)
(Residue 72: GLU, Nonterminal, was not found in name map.)
(Residue 73: GLN, Nonterminal, was not found in name map.)
(Residue 74: ALA, Nonterminal, was not found in name map.)
(Residue 75: ALA, Nonterminal, was not found in name map.)
(Residue 76: ILE, Nonterminal, was not found in name map.)
(Residue 77: ALA, Nonterminal, was not found in name map.)
(Residue 78: LEU, Nonterminal, was not found in name map.)
(Residue 79: LYS, Nonterminal, was not found in name map.)
(Residue 80: ASN, Nonterminal, was not found in name map.)
(Residue 81: ALA, Nonterminal, was not found in name map.)
(Residue 82: GLY, Nonterminal, was not found in name map.)
(Residue 83: GLN, Nonterminal, was not found in name map.)
(Residue 84: THR, Nonterminal, was not found in name map.)
(Residue 85: VAL, Nonterminal, was not found in name map.)
(Residue 86: THR, Nonterminal, was not found in name map.)
(Residue 87: ILE, Nonterminal, was not found in name map.)
(Residue 88: ILE, Nonterminal, was not found in name map.)
(Residue 89: ALA, Nonterminal, was not found in name map.)
(Residue 90: GLN, Nonterminal, was not found in name map.)
(Residue 91: TYR, Nonterminal, was not found in name map.)
(Residue 92: LYS, Nonterminal, was not found in name map.)
(Residue 93: PRO, Nonterminal, was not found in name map.)
(Residue 94: GLU, Nonterminal, was not found in name map.)
(Residue 95: GLU, Nonterminal, was not found in name map.)
(Residue 96: TYR, Nonterminal, was not found in name map.)
(Residue 97: SER, Nonterminal, was not found in name map.)
(Residue 98: ARG, Nonterminal, was not found in name map.)
(Residue 99: PHE, Nonterminal, was not found in name map.)
(Residue 100: GLU, Nonterminal, was not found in name map.)
(Residue 101: ALA, Nonterminal, was not found in name map.)
(Residue 102: ASN, Nonterminal, was not found in name map.)
(Residue 103: SER, Nonterminal, was not found in name map.)
(Residue 104: ARG, Nonterminal, was not found in name map.)
(Residue 105: VAL, Nonterminal, was not found in name map.)
(Residue 106: ASN, Nonterminal, was not found in name map.)
(Residue 107: SER, Nonterminal, was not found in name map.)
(Residue 108: SER, Nonterminal, was not found in name map.)
(Residue 109: GLY, Nonterminal, was not found in name map.)
(Residue 110: ARG, Nonterminal, was not found in name map.)
(Residue 111: ILE, Nonterminal, was not found in name map.)
(Residue 112: VAL, Nonterminal, was not found in name map.)
(Residue 113: THR, Nonterminal, was not found in name map.)
Mapped residue ASN, term: Terminal/last, seq. number: 114 to: CASN.
Mapped residue LYS, term: Terminal/beginning, seq. number: 115 to: NLYS.
(Residue 116: ALA, Nonterminal, was not found in name map.)
(Residue 117: ALA, Nonterminal, was not found in name map.)
(Residue 118: ALA, Nonterminal, was not found in name map.)
(Residue 119: GLN, Nonterminal, was not found in name map.)
(Residue 120: THR, Nonterminal, was not found in name map.)
(Residue 121: SER, Nonterminal, was not found in name map.)
Mapped residue VAL, term: Terminal/last, seq. number: 122 to: CVAL.
Joining NPHE - LEU
Joining LEU - GLY
Joining GLY - GLU
Joining GLU - GLU
Joining GLU - ASP
Joining ASP - ILE
Joining ILE - PRO
Joining PRO - ARG
Joining ARG - GLU
Joining GLU - PRO
Joining PRO - ARG
Joining ARG - ARG
Joining ARG - ILE
Joining ILE - VAL
Joining VAL - ILE
Joining ILE - HIE
Joining HIE - ARG
Joining ARG - GLY
Joining GLY - SER
Joining SER - THR
Joining THR - GLY
Joining GLY - LEU
Joining LEU - GLY
Joining GLY - PHE
Joining PHE - ASN
Joining ASN - ILE
Joining ILE - ILE
Joining ILE - GLY
Joining GLY - GLY
Joining GLY - GLU
Joining GLU - ASP
Joining ASP - GLY
Joining GLY - GLU
Joining GLU - GLY
Joining GLY - ILE
Joining ILE - PHE
Joining PHE - ILE
Joining ILE - SER
Joining SER - PHE
Joining PHE - ILE
Joining ILE - LEU
Joining LEU - ALA
Joining ALA - GLY
Joining GLY - GLY
Joining GLY - PRO
Joining PRO - ALA
Joining ALA - ASP
Joining ASP - LEU
Joining LEU - SER
Joining SER - GLY
Joining GLY - GLU
Joining GLU - LEU
Joining LEU - ARG
Joining ARG - LYS
Joining LYS - GLY
Joining GLY - ASP
Joining ASP - GLN
Joining GLN - ILE
Joining ILE - LEU
Joining LEU - SER
Joining SER - VAL
Joining VAL - ASN
Joining ASN - GLY
Joining GLY - VAL
Joining VAL - ASP
Joining ASP - LEU
Joining LEU - ARG
Joining ARG - ASN
Joining ASN - ALA
Joining ALA - SER
Joining SER - HIE
Joining HIE - GLU
Joining GLU - GLN
Joining GLN - ALA
Joining ALA - ALA
Joining ALA - ILE
Joining ILE - ALA
Joining ALA - LEU
Joining LEU - LYS
Joining LYS - ASN
Joining ASN - ALA
Joining ALA - GLY
Joining GLY - GLN
Joining GLN - THR
Joining THR - VAL
Joining VAL - THR
Joining THR - ILE
Joining ILE - ILE
Joining ILE - ALA
Joining ALA - GLN
Joining GLN - TYR
Joining TYR - LYS
Joining LYS - PRO
Joining PRO - GLU
Joining GLU - GLU
Joining GLU - TYR
Joining TYR - SER
Joining SER - ARG
Joining ARG - PHE
Joining PHE - GLU
Joining GLU - ALA
Joining ALA - ASN
Joining ASN - SER
Joining SER - ARG
Joining ARG - VAL
Joining VAL - ASN
Joining ASN - SER
Joining SER - SER
Joining SER - GLY
Joining GLY - ARG
Joining ARG - ILE
Joining ILE - VAL
Joining VAL - THR
Joining THR - CASN
Joining NLYS - ALA
Joining ALA - ALA
Joining ALA - ALA
Joining ALA - GLN
Joining GLN - THR
Joining THR - SER
Joining SER - CVAL
  total atoms in file: 927
  Leap added 924 missing atoms according to residue templates:
       924 H / lone pairs
> set default pbradii mbondi3
Using ArgH and AspGluO modified Bondi2 radii
> saveamberparm m prmtop NoH_9_2_9_9_repacked_wt_round_2_0020.rst7
Checking Unit.
WARNING: The unperturbed charge of the unit: -2.000000 is not zero.

 -- ignoring the warning.

Building topology.
Building atom parameters.
Building bond parameters.
Building angle parameters.
Building proper torsion parameters.
Building improper torsion parameters.
 total 369 improper torsions applied
Building H-Bond parameters.
Incorporating Non-Bonded adjustments.
Not Marking per-residue atom chain types.
Marking per-residue atom chain types.
  (Residues lacking connect0/connect1 - 
   these don't have chain types marked:

	res	total affected

	CASN	1
	CVAL	1
	NLYS	1
	NPHE	1
  )
 (no restraints)
> quit
	Quit
log started: Fri Jun 17 12:12:25 2016

Log file: ./leap.log
>> #
>> # ----- leaprc for loading the ff14SBonlysc (ff14SB only side chain) force field
>> # ----- NOTE: this is designed for PDB format 3!
>> #    Uses frcmod.ff14SB + frcmod.ff99SB14 for proteins
>> #       = ff99SB backbone + ff14SB side chains;
>> #
>> #	load atom type hybridizations
>> #
>> addAtomTypes {
>> 	{ "H"   "H" "sp3" }
>> 	{ "HO"  "H" "sp3" }
>> 	{ "HS"  "H" "sp3" }
>> 	{ "H1"  "H" "sp3" }
>> 	{ "H2"  "H" "sp3" }
>> 	{ "H3"  "H" "sp3" }
>> 	{ "H4"  "H" "sp3" }
>> 	{ "H5"  "H" "sp3" }
>> 	{ "HW"  "H" "sp3" }
>> 	{ "HC"  "H" "sp3" }
>> 	{ "HA"  "H" "sp3" }
>> 	{ "HP"  "H" "sp3" }
>> 	{ "HZ"  "H" "sp3" }
>> 	{ "OH"  "O" "sp3" }
>> 	{ "OS"  "O" "sp3" }
>> 	{ "O"   "O" "sp2" }
>> 	{ "O2"  "O" "sp2" }
>> 	{ "OP"  "O" "sp2" }
>> 	{ "OW"  "O" "sp3" }
>> 	{ "CT"  "C" "sp3" }
>> 	{ "CX"  "C" "sp3" }
>> 	{ "C8"  "C" "sp3" }
>> 	{ "2C"  "C" "sp3" }
>> 	{ "3C"  "C" "sp3" }
>> 	{ "CH"  "C" "sp3" }
>> 	{ "CS"  "C" "sp2" }
>> 	{ "C"   "C" "sp2" }
>> 	{ "CO"   "C" "sp2" }
>> 	{ "C*"  "C" "sp2" }
>> 	{ "CA"  "C" "sp2" }
>> 	{ "CB"  "C" "sp2" }
>> 	{ "CC"  "C" "sp2" }
>> 	{ "CN"  "C" "sp2" }
>> 	{ "CM"  "C" "sp2" }
>> 	{ "CK"  "C" "sp2" }
>> 	{ "CQ"  "C" "sp2" }
>> 	{ "CD"  "C" "sp2" }
>> 	{ "C5"  "C" "sp2" }
>> 	{ "C4"  "C" "sp2" }
>> 	{ "CP"  "C" "sp2" }
>> 	{ "CI"  "C" "sp3" }
>> 	{ "CJ"  "C" "sp2" }
>> 	{ "CW"  "C" "sp2" }
>> 	{ "CV"  "C" "sp2" }
>> 	{ "CR"  "C" "sp2" }
>> 	{ "CA"  "C" "sp2" }
>> 	{ "CY"  "C" "sp2" }
>> 	{ "C0"  "Ca" "sp3" }
>> 	{ "MG"  "Mg" "sp3" }
>> 	{ "N"   "N" "sp2" }
>> 	{ "NA"  "N" "sp2" }
>> 	{ "N2"  "N" "sp2" }
>> 	{ "N*"  "N" "sp2" }
>> 	{ "NP"  "N" "sp2" }
>> 	{ "NQ"  "N" "sp2" }
>> 	{ "NB"  "N" "sp2" }
>> 	{ "NC"  "N" "sp2" }
>> 	{ "NT"  "N" "sp3" }
>> 	{ "NY"  "N" "sp2" }
>> 	{ "N3"  "N" "sp3" }
>> 	{ "S"   "S" "sp3" }
>> 	{ "SH"  "S" "sp3" }
>> 	{ "P"   "P" "sp3" }
>> 	{ "LP"  ""  "sp3" }
>> 	{ "EP"  ""  "sp3" }
>> 	{ "F"   "F" "sp3" }
>> 	{ "Cl"  "Cl" "sp3" }
>> 	{ "Br"  "Br" "sp3" }
>> 	{ "I"   "I"  "sp3" }
>> }
>> #
>> #	Load the main parameter set.
>> #
>> parm10 = loadamberparams parm10.dat
Loading parameters: /project1/dacase-001/haichit/amber/amber16/dat/leap/parm/parm10.dat
Reading title:
PARM99 + frcmod.ff99SB + frcmod.parmbsc0 + OL3 for RNA
(UNKNOWN ATOM TYPE: Zn)
(UNKNOWN ATOM TYPE: EP)
>> frcmod14SB = loadamberparams frcmod.ff14SB
Loading parameters: /project1/dacase-001/haichit/amber/amber16/dat/leap/parm/frcmod.ff14SB
Reading force field modification type file (frcmod)
Reading title:
ff14SB protein backbone and sidechain parameters
>> frcmod99SBbb = loadamberparams frcmod.ff99SB14
Loading parameters: /project1/dacase-001/haichit/amber/amber16/dat/leap/parm/frcmod.ff99SB14
Reading force field modification type file (frcmod)
Reading title:
ff99SB backbone parameters (Hornak & Simmerling) with ff14SB atom types
>> #
>> #	Load main chain and terminating amino acid libraries, nucleic acids
>> #
>> loadOff amino12.lib
Loading library: /project1/dacase-001/haichit/amber/amber16/dat/leap/lib/amino12.lib
Loading: ALA
Loading: ARG
Loading: ASH
Loading: ASN
Loading: ASP
Loading: CYM
Loading: CYS
Loading: CYX
Loading: GLH
Loading: GLN
Loading: GLU
Loading: GLY
Loading: HID
Loading: HIE
Loading: HIP
Loading: HYP
Loading: ILE
Loading: LEU
Loading: LYN
Loading: LYS
Loading: MET
Loading: PHE
Loading: PRO
Loading: SER
Loading: THR
Loading: TRP
Loading: TYR
Loading: VAL
>> loadOff aminoct12.lib
Loading library: /project1/dacase-001/haichit/amber/amber16/dat/leap/lib/aminoct12.lib
Loading: CALA
Loading: CARG
Loading: CASN
Loading: CASP
Loading: CCYS
Loading: CCYX
Loading: CGLN
Loading: CGLU
Loading: CGLY
Loading: CHID
Loading: CHIE
Loading: CHIP
Loading: CHYP
Loading: CILE
Loading: CLEU
Loading: CLYS
Loading: CMET
Loading: CPHE
Loading: CPRO
Loading: CSER
Loading: CTHR
Loading: CTRP
Loading: CTYR
Loading: CVAL
Loading: NHE
Loading: NME
>> loadOff aminont12.lib
Loading library: /project1/dacase-001/haichit/amber/amber16/dat/leap/lib/aminont12.lib
Loading: ACE
Loading: NALA
Loading: NARG
Loading: NASN
Loading: NASP
Loading: NCYS
Loading: NCYX
Loading: NGLN
Loading: NGLU
Loading: NGLY
Loading: NHID
Loading: NHIE
Loading: NHIP
Loading: NILE
Loading: NLEU
Loading: NLYS
Loading: NMET
Loading: NPHE
Loading: NPRO
Loading: NSER
Loading: NTHR
Loading: NTRP
Loading: NTYR
Loading: NVAL
>> 
>> #
>> #	Define the PDB name map for the amino acids and nucleic acids
>> #
>> addPdbResMap {
>>   { 0 "HYP" "NHYP" } { 1 "HYP" "CHYP" }
>>   { 0 "ALA" "NALA" } { 1 "ALA" "CALA" }
>>   { 0 "ARG" "NARG" } { 1 "ARG" "CARG" }
>>   { 0 "ASN" "NASN" } { 1 "ASN" "CASN" }
>>   { 0 "ASP" "NASP" } { 1 "ASP" "CASP" }
>>   { 0 "CYS" "NCYS" } { 1 "CYS" "CCYS" }
>>   { 0 "CYX" "NCYX" } { 1 "CYX" "CCYX" }
>>   { 0 "GLN" "NGLN" } { 1 "GLN" "CGLN" }
>>   { 0 "GLU" "NGLU" } { 1 "GLU" "CGLU" }
>>   { 0 "GLY" "NGLY" } { 1 "GLY" "CGLY" }
>>   { 0 "HID" "NHID" } { 1 "HID" "CHID" }
>>   { 0 "HIE" "NHIE" } { 1 "HIE" "CHIE" }
>>   { 0 "HIP" "NHIP" } { 1 "HIP" "CHIP" }
>>   { 0 "ILE" "NILE" } { 1 "ILE" "CILE" }
>>   { 0 "LEU" "NLEU" } { 1 "LEU" "CLEU" }
>>   { 0 "LYS" "NLYS" } { 1 "LYS" "CLYS" }
>>   { 0 "MET" "NMET" } { 1 "MET" "CMET" }
>>   { 0 "PHE" "NPHE" } { 1 "PHE" "CPHE" }
>>   { 0 "PRO" "NPRO" } { 1 "PRO" "CPRO" }
>>   { 0 "SER" "NSER" } { 1 "SER" "CSER" }
>>   { 0 "THR" "NTHR" } { 1 "THR" "CTHR" }
>>   { 0 "TRP" "NTRP" } { 1 "TRP" "CTRP" }
>>   { 0 "TYR" "NTYR" } { 1 "TYR" "CTYR" }
>>   { 0 "VAL" "NVAL" } { 1 "VAL" "CVAL" }
>>   { 0 "HIS" "NHIS" } { 1 "HIS" "CHIS" }
>> }
>> 
>> #
>> # assume that most often proteins use HIE
>> #
>> NHIS = NHIE
>> HIS = HIE
>> CHIS = CHIE
> 
> m = loadpdb NoH_6_1_4_6_repacked_wt_round_1_0001.pdb
Loading PDB file: ./NoH_6_1_4_6_repacked_wt_round_1_0001.pdb
Enter zPdbReadScan from call depth  0.
 (starting new molecule for chain B)
Exit  zPdbReadScan from call depth  0.
Matching PDB residue names to LEaP variables.
Mapped residue PHE, term: Terminal/beginning, seq. number: 0 to: NPHE.
(Residue 1: LEU, Nonterminal, was not found in name map.)
(Residue 2: GLY, Nonterminal, was not found in name map.)
(Residue 3: GLU, Nonterminal, was not found in name map.)
(Residue 4: GLU, Nonterminal, was not found in name map.)
(Residue 5: ASP, Nonterminal, was not found in name map.)
(Residue 6: ILE, Nonterminal, was not found in name map.)
(Residue 7: PRO, Nonterminal, was not found in name map.)
(Residue 8: ARG, Nonterminal, was not found in name map.)
(Residue 9: GLU, Nonterminal, was not found in name map.)
(Residue 10: PRO, Nonterminal, was not found in name map.)
(Residue 11: ARG, Nonterminal, was not found in name map.)
(Residue 12: ARG, Nonterminal, was not found in name map.)
(Residue 13: ILE, Nonterminal, was not found in name map.)
(Residue 14: VAL, Nonterminal, was not found in name map.)
(Residue 15: ILE, Nonterminal, was not found in name map.)
(Residue 16: HIS, Nonterminal, was not found in name map.)
(Residue 17: ARG, Nonterminal, was not found in name map.)
(Residue 18: GLY, Nonterminal, was not found in name map.)
(Residue 19: SER, Nonterminal, was not found in name map.)
(Residue 20: THR, Nonterminal, was not found in name map.)
(Residue 21: GLY, Nonterminal, was not found in name map.)
(Residue 22: LEU, Nonterminal, was not found in name map.)
(Residue 23: GLY, Nonterminal, was not found in name map.)
(Residue 24: PHE, Nonterminal, was not found in name map.)
(Residue 25: ASN, Nonterminal, was not found in name map.)
(Residue 26: ILE, Nonterminal, was not found in name map.)
(Residue 27: ILE, Nonterminal, was not found in name map.)
(Residue 28: GLY, Nonterminal, was not found in name map.)
(Residue 29: GLY, Nonterminal, was not found in name map.)
(Residue 30: GLU, Nonterminal, was not found in name map.)
(Residue 31: ASP, Nonterminal, was not found in name map.)
(Residue 32: GLY, Nonterminal, was not found in name map.)
(Residue 33: GLU, Nonterminal, was not found in name map.)
(Residue 34: GLY, Nonterminal, was not found in name map.)
(Residue 35: ILE, Nonterminal, was not found in name map.)
(Residue 36: PHE, Nonterminal, was not found in name map.)
(Residue 37: ILE, Nonterminal, was not found in name map.)
(Residue 38: SER, Nonterminal, was not found in name map.)
(Residue 39: PHE, Nonterminal, was not found in name map.)
(Residue 40: ILE, Nonterminal, was not found in name map.)
(Residue 41: LEU, Nonterminal, was not found in name map.)
(Residue 42: ALA, Nonterminal, was not found in name map.)
(Residue 43: GLY, Nonterminal, was not found in name map.)
(Residue 44: GLY, Nonterminal, was not found in name map.)
(Residue 45: PRO, Nonterminal, was not found in name map.)
(Residue 46: ALA, Nonterminal, was not found in name map.)
(Residue 47: ASP, Nonterminal, was not found in name map.)
(Residue 48: LEU, Nonterminal, was not found in name map.)
(Residue 49: SER, Nonterminal, was not found in name map.)
(Residue 50: GLY, Nonterminal, was not found in name map.)
(Residue 51: GLU, Nonterminal, was not found in name map.)
(Residue 52: LEU, Nonterminal, was not found in name map.)
(Residue 53: ARG, Nonterminal, was not found in name map.)
(Residue 54: LYS, Nonterminal, was not found in name map.)
(Residue 55: GLY, Nonterminal, was not found in name map.)
(Residue 56: ASP, Nonterminal, was not found in name map.)
(Residue 57: GLN, Nonterminal, was not found in name map.)
(Residue 58: ILE, Nonterminal, was not found in name map.)
(Residue 59: LEU, Nonterminal, was not found in name map.)
(Residue 60: SER, Nonterminal, was not found in name map.)
(Residue 61: VAL, Nonterminal, was not found in name map.)
(Residue 62: ASN, Nonterminal, was not found in name map.)
(Residue 63: GLY, Nonterminal, was not found in name map.)
(Residue 64: VAL, Nonterminal, was not found in name map.)
(Residue 65: ASP, Nonterminal, was not found in name map.)
(Residue 66: LEU, Nonterminal, was not found in name map.)
(Residue 67: ARG, Nonterminal, was not found in name map.)
(Residue 68: ASN, Nonterminal, was not found in name map.)
(Residue 69: ALA, Nonterminal, was not found in name map.)
(Residue 70: SER, Nonterminal, was not found in name map.)
(Residue 71: HIS, Nonterminal, was not found in name map.)
(Residue 72: GLU, Nonterminal, was not found in name map.)
(Residue 73: GLN, Nonterminal, was not found in name map.)
(Residue 74: ALA, Nonterminal, was not found in name map.)
(Residue 75: ALA, Nonterminal, was not found in name map.)
(Residue 76: ILE, Nonterminal, was not found in name map.)
(Residue 77: ALA, Nonterminal, was not found in name map.)
(Residue 78: LEU, Nonterminal, was not found in name map.)
(Residue 79: LYS, Nonterminal, was not found in name map.)
(Residue 80: ASN, Nonterminal, was not found in name map.)
(Residue 81: ALA, Nonterminal, was not found in name map.)
(Residue 82: GLY, Nonterminal, was not found in name map.)
(Residue 83: GLN, Nonterminal, was not found in name map.)
(Residue 84: THR, Nonterminal, was not found in name map.)
(Residue 85: VAL, Nonterminal, was not found in name map.)
(Residue 86: THR, Nonterminal, was not found in name map.)
(Residue 87: ILE, Nonterminal, was not found in name map.)
(Residue 88: ILE, Nonterminal, was not found in name map.)
(Residue 89: ALA, Nonterminal, was not found in name map.)
(Residue 90: GLN, Nonterminal, was not found in name map.)
(Residue 91: TYR, Nonterminal, was not found in name map.)
(Residue 92: LYS, Nonterminal, was not found in name map.)
(Residue 93: PRO, Nonterminal, was not found in name map.)
(Residue 94: GLU, Nonterminal, was not found in name map.)
(Residue 95: GLU, Nonterminal, was not found in name map.)
(Residue 96: TYR, Nonterminal, was not found in name map.)
(Residue 97: SER, Nonterminal, was not found in name map.)
(Residue 98: ARG, Nonterminal, was not found in name map.)
(Residue 99: PHE, Nonterminal, was not found in name map.)
(Residue 100: GLU, Nonterminal, was not found in name map.)
(Residue 101: ALA, Nonterminal, was not found in name map.)
(Residue 102: ASN, Nonterminal, was not found in name map.)
(Residue 103: SER, Nonterminal, was not found in name map.)
(Residue 104: ARG, Nonterminal, was not found in name map.)
(Residue 105: VAL, Nonterminal, was not found in name map.)
(Residue 106: ASN, Nonterminal, was not found in name map.)
(Residue 107: SER, Nonterminal, was not found in name map.)
(Residue 108: SER, Nonterminal, was not found in name map.)
(Residue 109: GLY, Nonterminal, was not found in name map.)
(Residue 110: ARG, Nonterminal, was not found in name map.)
(Residue 111: ILE, Nonterminal, was not found in name map.)
(Residue 112: VAL, Nonterminal, was not found in name map.)
(Residue 113: THR, Nonterminal, was not found in name map.)
Mapped residue ASN, term: Terminal/last, seq. number: 114 to: CASN.
Mapped residue LYS, term: Terminal/beginning, seq. number: 115 to: NLYS.
(Residue 116: ALA, Nonterminal, was not found in name map.)
(Residue 117: ALA, Nonterminal, was not found in name map.)
(Residue 118: ALA, Nonterminal, was not found in name map.)
(Residue 119: GLN, Nonterminal, was not found in name map.)
(Residue 120: THR, Nonterminal, was not found in name map.)
(Residue 121: SER, Nonterminal, was not found in name map.)
Mapped residue VAL, term: Terminal/last, seq. number: 122 to: CVAL.
Joining NPHE - LEU
Joining LEU - GLY
Joining GLY - GLU
Joining GLU - GLU
Joining GLU - ASP
Joining ASP - ILE
Joining ILE - PRO
Joining PRO - ARG
Joining ARG - GLU
Joining GLU - PRO
Joining PRO - ARG
Joining ARG - ARG
Joining ARG - ILE
Joining ILE - VAL
Joining VAL - ILE
Joining ILE - HIE
Joining HIE - ARG
Joining ARG - GLY
Joining GLY - SER
Joining SER - THR
Joining THR - GLY
Joining GLY - LEU
Joining LEU - GLY
Joining GLY - PHE
Joining PHE - ASN
Joining ASN - ILE
Joining ILE - ILE
Joining ILE - GLY
Joining GLY - GLY
Joining GLY - GLU
Joining GLU - ASP
Joining ASP - GLY
Joining GLY - GLU
Joining GLU - GLY
Joining GLY - ILE
Joining ILE - PHE
Joining PHE - ILE
Joining ILE - SER
Joining SER - PHE
Joining PHE - ILE
Joining ILE - LEU
Joining LEU - ALA
Joining ALA - GLY
Joining GLY - GLY
Joining GLY - PRO
Joining PRO - ALA
Joining ALA - ASP
Joining ASP - LEU
Joining LEU - SER
Joining SER - GLY
Joining GLY - GLU
Joining GLU - LEU
Joining LEU - ARG
Joining ARG - LYS
Joining LYS - GLY
Joining GLY - ASP
Joining ASP - GLN
Joining GLN - ILE
Joining ILE - LEU
Joining LEU - SER
Joining SER - VAL
Joining VAL - ASN
Joining ASN - GLY
Joining GLY - VAL
Joining VAL - ASP
Joining ASP - LEU
Joining LEU - ARG
Joining ARG - ASN
Joining ASN - ALA
Joining ALA - SER
Joining SER - HIE
Joining HIE - GLU
Joining GLU - GLN
Joining GLN - ALA
Joining ALA - ALA
Joining ALA - ILE
Joining ILE - ALA
Joining ALA - LEU
Joining LEU - LYS
Joining LYS - ASN
Joining ASN - ALA
Joining ALA - GLY
Joining GLY - GLN
Joining GLN - THR
Joining THR - VAL
Joining VAL - THR
Joining THR - ILE
Joining ILE - ILE
Joining ILE - ALA
Joining ALA - GLN
Joining GLN - TYR
Joining TYR - LYS
Joining LYS - PRO
Joining PRO - GLU
Joining GLU - GLU
Joining GLU - TYR
Joining TYR - SER
Joining SER - ARG
Joining ARG - PHE
Joining PHE - GLU
Joining GLU - ALA
Joining ALA - ASN
Joining ASN - SER
Joining SER - ARG
Joining ARG - VAL
Joining VAL - ASN
Joining ASN - SER
Joining SER - SER
Joining SER - GLY
Joining GLY - ARG
Joining ARG - ILE
Joining ILE - VAL
Joining VAL - THR
Joining THR - CASN
Joining NLYS - ALA
Joining ALA - ALA
Joining ALA - ALA
Joining ALA - GLN
Joining GLN - THR
Joining THR - SER
Joining SER - CVAL
  total atoms in file: 927
  Leap added 924 missing atoms according to residue templates:
       924 H / lone pairs
> set default pbradii mbondi3
Using ArgH and AspGluO modified Bondi2 radii
> saveamberparm m prmtop NoH_6_1_4_6_repacked_wt_round_1_0001.rst7
Checking Unit.
WARNING: The unperturbed charge of the unit: -2.000000 is not zero.

 -- ignoring the warning.

Building topology.
Building atom parameters.
Building bond parameters.
Building angle parameters.
Building proper torsion parameters.
Building improper torsion parameters.
 total 369 improper torsions applied
Building H-Bond parameters.
Incorporating Non-Bonded adjustments.
Not Marking per-residue atom chain types.
Marking per-residue atom chain types.
  (Residues lacking connect0/connect1 - 
   these don't have chain types marked:

	res	total affected

	CASN	1
	CVAL	1
	NLYS	1
	NPHE	1
  )
 (no restraints)
> quit
	Quit
