
          -------------------------------------------------------
          Amber 16 SANDER                              2016
          -------------------------------------------------------

| Run on 06/17/2016 at 13:45:21

|   Executable path: sander
| Working directory: /gpfs/gpfs/project1/dacase-001/haichit/rosseta_amber/amber_rosetta_methods/loop_modeling/1oyc
|          Hostname: elf-login1

  [-O]verwriting output

File Assignments:
|  MDIN: ../input/min.1oyc.in                                                  
| MDOUT: out/min_NoH_1oyc_1oyc3476_0001.out                                    
|INPCRD: /gpfs/gpfs/project1/dacase-001/haichit/rosseta_amber/amber_rosetta_met
|  PARM: 1oyc.1oyc_1oyc3476_0001.parm7                                         
|RESTRT: min_NoH_1oyc_1oyc3476_0001.rst7                                       
|  REFC: /gpfs/gpfs/project1/dacase-001/haichit/rosseta_amber/amber_rosetta_met
| MDVEL: mdvel                                                                 
| MDFRC: mdfrc                                                                 
|  MDEN: mden                                                                  
| MDCRD: mdcrd                                                                 
|MDINFO: mdinfo                                                                
|  MTMD: mtmd                                                                  
|INPDIP: inpdip                                                                
|RSTDIP: rstdip                                                                
|INPTRA: inptraj                                                               


 Here is the input file:

                                                                               
&cntrl                                                                         
    imin = 1, maxcyc=1000,                                                     
    ntx = 1,                                                                   
    ntxo = 2,                                                                  
    ntwr = 100, ntpr = 100,                                                    
    cut = 999.0,                                                               
    ntb = 0, igb = 8,                                                          
    ntr = 1,                                                                   
    restraint_wt = 10,                                                         
    restraintmask = "!:203-214 & !@H=",                                        
    ntmin=3, drms=0.01,                                                        
/                                                                              

--------------------------------------------------------------------------------
   1.  RESOURCE   USE: 
--------------------------------------------------------------------------------

| Flags:                                                                        
| New format PARM file being parsed.
| Version =    1.000 Date = 06/17/16 Time = 13:42:56
 NATOM  =    6271 NTYPES =      14 NBONH =    3093 MBONA  =    3260
 NTHETH =    7044 MTHETA =    4419 NPHIH =   14343 MPHIA  =   13724
 NHPARM =       0 NPARM  =       0 NNB   =   34639 NRES   =     399
 NBONA  =    3260 NTHETA =    4419 NPHIA =   13724 NUMBND =      63
 NUMANG =     149 NPTRA  =     177 NATYP =      31 NPHB   =       0
 IFBOX  =       0 NMXRS  =      24 IFCAP =       0 NEXTRA =       0
 NCOPY  =       0

 Implicit solvent radii are ArgH and AspGluO modified Bondi2 radii (mbondi3)                                
 Replacing prmtop screening parameters with GBn2 (igb=8) values

|     Memory Use     Allocated
|     Real              561941
|     Hollerith          19214
|     Integer           370939
|     Max Pairs              1
|     nblistReal             0
|     nblist Int             0
|       Total             5914 kbytes

| Note: 1-4 EEL scale factors are being read from the topology file.

| Note: 1-4 VDW scale factors are being read from the topology file.
| Duplicated    0 dihedrals
| Duplicated    0 dihedrals

--------------------------------------------------------------------------------
   2.  CONTROL  DATA  FOR  THE  RUN
--------------------------------------------------------------------------------

default_name                                                                    

General flags:
     imin    =       1, nmropt  =       0

Nature and format of input:
     ntx     =       1, irest   =       0, ntrx    =       1

Nature and format of output:
     ntxo    =       2, ntpr    =     100, ntrx    =       1, ntwr    =     100
     iwrap   =       0, ntwx    =       0, ntwv    =       0, ntwe    =       0
     ioutfm  =       1, ntwprt  =       0, idecomp =       0, rbornstat=      0

Potential function:
     ntf     =       1, ntb     =       0, igb     =       8, nsnb    =      25
     ipol    =       0, gbsa    =       0, iesp    =       0
     dielc   =   1.00000, cut     = 999.00000, intdiel =   1.00000
     saltcon =   0.00000, offset  =   0.19514, surften =   0.00500
     rdt     =   0.00000, rgbmax  =  25.00000  extdiel =  78.50000
     alpb  =        0
     gbalphaH  =   0.78844, gbbetaH   =   0.79870,  gbgammaH  =    0.43733
     gbalphaC  =   0.73376, gbbetaC   =   0.50638,  gbgammaC  =    0.20584
     gbalphaN  =   0.50336, gbbetaN   =   0.31683,  gbgammaN  =    0.19292
     gbalphaOS =   0.86781, gbbetaOS  =   0.87664,  gbgammaOS =    0.38788
     gbalphaP  =   1.00000, gbbetaP   =   0.80000,  gbgammaP  =    4.85000
     gb_alpha_hnu  =   0.53705, gb_beta_hnu   =   0.36286,  gb_gamma_hnu  =    0.11670
     gb_alpha_cnu  =   0.33167, gb_beta_cnu   =   0.19684,  gb_gamma_cnu  =    0.09342
     gb_alpha_nnu  =   0.68631, gb_beta_nnu   =   0.46319,  gb_gamma_nnu  =    0.13872
     gb_alpha_onu  =   0.60634, gb_beta_onu   =   0.46301,  gb_gamma_onu  =    0.14226
     gb_alpha_pnu  =   0.41836, gb_beta_pnu   =   0.29005,  gb_gamma_pnu  =    0.10642

Frozen or restrained atoms:
     ibelly  =       0, ntr     =       1
     restraint_wt =  10.00000

Energy minimization:
     maxcyc  =    1000, ncyc    =      10, ntmin   =       3
     dx0     =   0.01000, drms    =   0.01000

LMOD:
     xmin_method                  = LBFGS
     lbfgs_memory_depth           =       3
     matrix_vector_product_method = forward finite difference
     xmin_verbosity               =       0
|  INFO: Old style inpcrd file read


    LOADING THE CONSTRAINED ATOMS AS GROUPS


   5.  REFERENCE ATOM COORDINATES

  defa
     Mask !:203-214 & !@H=; matches  3081 atoms

--------------------------------------------------------------------------------
   3.  ATOMIC COORDINATES AND VELOCITIES
--------------------------------------------------------------------------------

default_name                                                                    
 begin time read from input coords =     0.000 ps

 Number of triangulated 3-point waters found:        0

--------------------------------------------------------------------------------
   4.  RESULTS
--------------------------------------------------------------------------------

  LMOD XMIN Minimization.

  Note: Owing to the behaviour of the XMIN algorithm,
        coordinates in the trajectory and intermediate
        restart files will not match up with energies
        in the mdout and mdinfo files. The final energy
        and final coordinates do match.



   NSTEP       ENERGY          RMS            GMAX         NAME    NUMBER
      0      -8.1925E+03     3.6361E+02     2.6559E+04     HE3      1937

 BOND    =      489.3985  ANGLE   =     1303.1296  DIHED      =     4474.7715
 VDWAALS =       12.2710  EEL     =   -28842.7519  EGB        =    -5355.6628
 1-4 VDW =     2121.4904  1-4 EEL =    17604.8524  RESTRAINT  =        0.0000


   NSTEP       ENERGY          RMS            GMAX         NAME    NUMBER
    100      -1.3769E+04     1.7029E-01     8.2678E+00     C        6269

 BOND    =      172.1797  ANGLE   =      759.3048  DIHED      =     4408.7933
 VDWAALS =    -3551.5600  EEL     =   -28633.3237  EGB        =    -5397.7557
 1-4 VDW =     1417.2408  1-4 EEL =    16738.2358  RESTRAINT  =      317.6051
 EAMBER  =   -14086.8850


   NSTEP       ENERGY          RMS            GMAX         NAME    NUMBER
    200      -1.3781E+04     6.9150E-02     1.3399E+00     CG       3190

 BOND    =      171.9926  ANGLE   =      758.7222  DIHED      =     4404.8909
 VDWAALS =    -3552.9885  EEL     =   -28640.2951  EGB        =    -5399.9877
 1-4 VDW =     1417.4036  1-4 EEL =    16739.7443  RESTRAINT  =      319.5875
 EAMBER  =   -14100.5179


   NSTEP       ENERGY          RMS            GMAX         NAME    NUMBER
    300      -1.3783E+04     1.9202E-02     3.1728E-01     CG       2164

 BOND    =      172.1146  ANGLE   =      759.1676  DIHED      =     4406.0358
 VDWAALS =    -3551.8709  EEL     =   -28650.5418  EGB        =    -5394.8491
 1-4 VDW =     1416.9540  1-4 EEL =    16740.4409  RESTRAINT  =      319.9516
 EAMBER  =   -14102.5489


   NSTEP       ENERGY          RMS            GMAX         NAME    NUMBER
    400      -1.3784E+04     2.5464E-02     1.6220E+00     CG       3310

 BOND    =      172.0203  ANGLE   =      759.3175  DIHED      =     4402.7117
 VDWAALS =    -3550.4696  EEL     =   -28651.4930  EGB        =    -5394.4276
 1-4 VDW =     1417.6459  1-4 EEL =    16740.4023  RESTRAINT  =      319.8890
 EAMBER  =   -14104.2924


   NSTEP       ENERGY          RMS            GMAX         NAME    NUMBER
    425      -1.3785E+04     9.9924E-03     2.9900E-01     OD1      3311

 BOND    =      172.0333  ANGLE   =      759.3060  DIHED      =     4402.6291
 VDWAALS =    -3550.7875  EEL     =   -28649.7567  EGB        =    -5395.3767
 1-4 VDW =     1417.6355  1-4 EEL =    16739.8234  RESTRAINT  =      319.9084
 EAMBER  =   -14104.4936

--------------------------------------------------------------------------------
   5.  TIMINGS
--------------------------------------------------------------------------------

|                Calc gb radii            188.74 (16.78% of Gen B)
|                Calc gb diag             341.13 (30.32% of Gen B)
|                Calc gb off-diag         595.06 (52.90% of Gen B)
|             Gen Born time           1124.93 (100.0% of Nonbo)
|          Nonbond force           1124.93 (99.73% of Force)
|          Bond/Angle/Dihedral        3.00 ( 0.27% of Force)
|          Other                      0.10 ( 0.01% of Force)
|       Force time              1128.03 (100.0% of Runmd)
|    Runmd Time              1128.03 (99.89% of Total)
|    Other                      1.21 ( 0.11% of Total)
| Total time              1129.26 (100.0% of ALL  )

| Number of list builds   :          0

| Highest rstack allocated:          0
| Highest istack allocated:          0
|           Job began  at 13:45:21.212  on 06/17/2016
|           Setup done at 13:45:21.697  on 06/17/2016
|           Run   done at 14:04:10.469  on 06/17/2016
|     wallclock() was called    7804 times
