log started: Thu Jun 16 16:01:49 2016

Log file: ./leap.log
>> #
>> # ----- leaprc for loading the ff14SBonlysc (ff14SB only side chain) force field
>> # ----- NOTE: this is designed for PDB format 3!
>> #    Uses frcmod.ff14SB + frcmod.ff99SB14 for proteins
>> #       = ff99SB backbone + ff14SB side chains;
>> #
>> #	load atom type hybridizations
>> #
>> addAtomTypes {
>> 	{ "H"   "H" "sp3" }
>> 	{ "HO"  "H" "sp3" }
>> 	{ "HS"  "H" "sp3" }
>> 	{ "H1"  "H" "sp3" }
>> 	{ "H2"  "H" "sp3" }
>> 	{ "H3"  "H" "sp3" }
>> 	{ "H4"  "H" "sp3" }
>> 	{ "H5"  "H" "sp3" }
>> 	{ "HW"  "H" "sp3" }
>> 	{ "HC"  "H" "sp3" }
>> 	{ "HA"  "H" "sp3" }
>> 	{ "HP"  "H" "sp3" }
>> 	{ "HZ"  "H" "sp3" }
>> 	{ "OH"  "O" "sp3" }
>> 	{ "OS"  "O" "sp3" }
>> 	{ "O"   "O" "sp2" }
>> 	{ "O2"  "O" "sp2" }
>> 	{ "OP"  "O" "sp2" }
>> 	{ "OW"  "O" "sp3" }
>> 	{ "CT"  "C" "sp3" }
>> 	{ "CX"  "C" "sp3" }
>> 	{ "C8"  "C" "sp3" }
>> 	{ "2C"  "C" "sp3" }
>> 	{ "3C"  "C" "sp3" }
>> 	{ "CH"  "C" "sp3" }
>> 	{ "CS"  "C" "sp2" }
>> 	{ "C"   "C" "sp2" }
>> 	{ "CO"   "C" "sp2" }
>> 	{ "C*"  "C" "sp2" }
>> 	{ "CA"  "C" "sp2" }
>> 	{ "CB"  "C" "sp2" }
>> 	{ "CC"  "C" "sp2" }
>> 	{ "CN"  "C" "sp2" }
>> 	{ "CM"  "C" "sp2" }
>> 	{ "CK"  "C" "sp2" }
>> 	{ "CQ"  "C" "sp2" }
>> 	{ "CD"  "C" "sp2" }
>> 	{ "C5"  "C" "sp2" }
>> 	{ "C4"  "C" "sp2" }
>> 	{ "CP"  "C" "sp2" }
>> 	{ "CI"  "C" "sp3" }
>> 	{ "CJ"  "C" "sp2" }
>> 	{ "CW"  "C" "sp2" }
>> 	{ "CV"  "C" "sp2" }
>> 	{ "CR"  "C" "sp2" }
>> 	{ "CA"  "C" "sp2" }
>> 	{ "CY"  "C" "sp2" }
>> 	{ "C0"  "Ca" "sp3" }
>> 	{ "MG"  "Mg" "sp3" }
>> 	{ "N"   "N" "sp2" }
>> 	{ "NA"  "N" "sp2" }
>> 	{ "N2"  "N" "sp2" }
>> 	{ "N*"  "N" "sp2" }
>> 	{ "NP"  "N" "sp2" }
>> 	{ "NQ"  "N" "sp2" }
>> 	{ "NB"  "N" "sp2" }
>> 	{ "NC"  "N" "sp2" }
>> 	{ "NT"  "N" "sp3" }
>> 	{ "NY"  "N" "sp2" }
>> 	{ "N3"  "N" "sp3" }
>> 	{ "S"   "S" "sp3" }
>> 	{ "SH"  "S" "sp3" }
>> 	{ "P"   "P" "sp3" }
>> 	{ "LP"  ""  "sp3" }
>> 	{ "EP"  ""  "sp3" }
>> 	{ "F"   "F" "sp3" }
>> 	{ "Cl"  "Cl" "sp3" }
>> 	{ "Br"  "Br" "sp3" }
>> 	{ "I"   "I"  "sp3" }
>> }
>> #
>> #	Load the main parameter set.
>> #
>> parm10 = loadamberparams parm10.dat
Loading parameters: /project1/dacase-001/haichit/amber/amber/dat/leap/parm/parm10.dat
Reading title:
PARM99 + frcmod.ff99SB + frcmod.parmbsc0 + OL3 for RNA
(UNKNOWN ATOM TYPE: Zn)
(UNKNOWN ATOM TYPE: EP)
>> frcmod14SB = loadamberparams frcmod.ff14SB
Loading parameters: /project1/dacase-001/haichit/amber/amber/dat/leap/parm/frcmod.ff14SB
Reading force field modification type file (frcmod)
Reading title:
ff14SB protein backbone and sidechain parameters
>> frcmod99SBbb = loadamberparams frcmod.ff99SB14
Loading parameters: /project1/dacase-001/haichit/amber/amber/dat/leap/parm/frcmod.ff99SB14
Reading force field modification type file (frcmod)
Reading title:
ff99SB backbone parameters (Hornak & Simmerling) with ff14SB atom types
>> #
>> #	Load main chain and terminating amino acid libraries, nucleic acids
>> #
>> loadOff amino12.lib
Loading library: /project1/dacase-001/haichit/amber/amber/dat/leap/lib/amino12.lib
Loading: ALA
Loading: ARG
Loading: ASH
Loading: ASN
Loading: ASP
Loading: CYM
Loading: CYS
Loading: CYX
Loading: GLH
Loading: GLN
Loading: GLU
Loading: GLY
Loading: HID
Loading: HIE
Loading: HIP
Loading: HYP
Loading: ILE
Loading: LEU
Loading: LYN
Loading: LYS
Loading: MET
Loading: PHE
Loading: PRO
Loading: SER
Loading: THR
Loading: TRP
Loading: TYR
Loading: VAL
>> loadOff aminoct12.lib
Loading library: /project1/dacase-001/haichit/amber/amber/dat/leap/lib/aminoct12.lib
Loading: CALA
Loading: CARG
Loading: CASN
Loading: CASP
Loading: CCYS
Loading: CCYX
Loading: CGLN
Loading: CGLU
Loading: CGLY
Loading: CHID
Loading: CHIE
Loading: CHIP
Loading: CHYP
Loading: CILE
Loading: CLEU
Loading: CLYS
Loading: CMET
Loading: CPHE
Loading: CPRO
Loading: CSER
Loading: CTHR
Loading: CTRP
Loading: CTYR
Loading: CVAL
Loading: NHE
Loading: NME
>> loadOff aminont12.lib
Loading library: /project1/dacase-001/haichit/amber/amber/dat/leap/lib/aminont12.lib
Loading: ACE
Loading: NALA
Loading: NARG
Loading: NASN
Loading: NASP
Loading: NCYS
Loading: NCYX
Loading: NGLN
Loading: NGLU
Loading: NGLY
Loading: NHID
Loading: NHIE
Loading: NHIP
Loading: NILE
Loading: NLEU
Loading: NLYS
Loading: NMET
Loading: NPHE
Loading: NPRO
Loading: NSER
Loading: NTHR
Loading: NTRP
Loading: NTYR
Loading: NVAL
>> 
>> #
>> #	Define the PDB name map for the amino acids and nucleic acids
>> #
>> addPdbResMap {
>>   { 0 "HYP" "NHYP" } { 1 "HYP" "CHYP" }
>>   { 0 "ALA" "NALA" } { 1 "ALA" "CALA" }
>>   { 0 "ARG" "NARG" } { 1 "ARG" "CARG" }
>>   { 0 "ASN" "NASN" } { 1 "ASN" "CASN" }
>>   { 0 "ASP" "NASP" } { 1 "ASP" "CASP" }
>>   { 0 "CYS" "NCYS" } { 1 "CYS" "CCYS" }
>>   { 0 "CYX" "NCYX" } { 1 "CYX" "CCYX" }
>>   { 0 "GLN" "NGLN" } { 1 "GLN" "CGLN" }
>>   { 0 "GLU" "NGLU" } { 1 "GLU" "CGLU" }
>>   { 0 "GLY" "NGLY" } { 1 "GLY" "CGLY" }
>>   { 0 "HID" "NHID" } { 1 "HID" "CHID" }
>>   { 0 "HIE" "NHIE" } { 1 "HIE" "CHIE" }
>>   { 0 "HIP" "NHIP" } { 1 "HIP" "CHIP" }
>>   { 0 "ILE" "NILE" } { 1 "ILE" "CILE" }
>>   { 0 "LEU" "NLEU" } { 1 "LEU" "CLEU" }
>>   { 0 "LYS" "NLYS" } { 1 "LYS" "CLYS" }
>>   { 0 "MET" "NMET" } { 1 "MET" "CMET" }
>>   { 0 "PHE" "NPHE" } { 1 "PHE" "CPHE" }
>>   { 0 "PRO" "NPRO" } { 1 "PRO" "CPRO" }
>>   { 0 "SER" "NSER" } { 1 "SER" "CSER" }
>>   { 0 "THR" "NTHR" } { 1 "THR" "CTHR" }
>>   { 0 "TRP" "NTRP" } { 1 "TRP" "CTRP" }
>>   { 0 "TYR" "NTYR" } { 1 "TYR" "CTYR" }
>>   { 0 "VAL" "NVAL" } { 1 "VAL" "CVAL" }
>>   { 0 "HIS" "NHIS" } { 1 "HIS" "CHIS" }
>> }
>> 
>> #
>> # assume that most often proteins use HIE
>> #
>> NHIS = NHIE
>> HIS = HIE
>> CHIS = CHIE
> 
> m = loadpdb NoH_empty_tag_11229_0001.pdb
Loading PDB file: ./NoH_empty_tag_11229_0001.pdb
Enter zPdbReadScan from call depth  0.
Exit  zPdbReadScan from call depth  0.
Matching PDB residue names to LEaP variables.
Mapped residue GLY, term: Terminal/beginning, seq. number: 0 to: NGLY.
(Residue 1: SER, Nonterminal, was not found in name map.)
(Residue 2: PRO, Nonterminal, was not found in name map.)
(Residue 3: GLU, Nonterminal, was not found in name map.)
(Residue 4: VAL, Nonterminal, was not found in name map.)
(Residue 5: GLN, Nonterminal, was not found in name map.)
(Residue 6: ILE, Nonterminal, was not found in name map.)
(Residue 7: ALA, Nonterminal, was not found in name map.)
(Residue 8: ILE, Nonterminal, was not found in name map.)
(Residue 9: LEU, Nonterminal, was not found in name map.)
(Residue 10: THR, Nonterminal, was not found in name map.)
(Residue 11: GLU, Nonterminal, was not found in name map.)
(Residue 12: GLN, Nonterminal, was not found in name map.)
(Residue 13: ILE, Nonterminal, was not found in name map.)
(Residue 14: ASN, Nonterminal, was not found in name map.)
(Residue 15: ASN, Nonterminal, was not found in name map.)
(Residue 16: LEU, Nonterminal, was not found in name map.)
(Residue 17: ASN, Nonterminal, was not found in name map.)
(Residue 18: GLU, Nonterminal, was not found in name map.)
(Residue 19: HIS, Nonterminal, was not found in name map.)
(Residue 20: LEU, Nonterminal, was not found in name map.)
(Residue 21: ARG, Nonterminal, was not found in name map.)
(Residue 22: VAL, Nonterminal, was not found in name map.)
(Residue 23: HIS, Nonterminal, was not found in name map.)
(Residue 24: LYS, Nonterminal, was not found in name map.)
(Residue 25: LYS, Nonterminal, was not found in name map.)
(Residue 26: ASP, Nonterminal, was not found in name map.)
(Residue 27: HIS, Nonterminal, was not found in name map.)
(Residue 28: HIS, Nonterminal, was not found in name map.)
(Residue 29: SER, Nonterminal, was not found in name map.)
(Residue 30: ARG, Nonterminal, was not found in name map.)
(Residue 31: ARG, Nonterminal, was not found in name map.)
(Residue 32: GLY, Nonterminal, was not found in name map.)
(Residue 33: LEU, Nonterminal, was not found in name map.)
(Residue 34: LEU, Nonterminal, was not found in name map.)
(Residue 35: LYS, Nonterminal, was not found in name map.)
(Residue 36: MET, Nonterminal, was not found in name map.)
(Residue 37: VAL, Nonterminal, was not found in name map.)
(Residue 38: GLY, Nonterminal, was not found in name map.)
(Residue 39: LYS, Nonterminal, was not found in name map.)
(Residue 40: ARG, Nonterminal, was not found in name map.)
(Residue 41: ARG, Nonterminal, was not found in name map.)
(Residue 42: ARG, Nonterminal, was not found in name map.)
(Residue 43: LEU, Nonterminal, was not found in name map.)
(Residue 44: LEU, Nonterminal, was not found in name map.)
(Residue 45: ALA, Nonterminal, was not found in name map.)
(Residue 46: TYR, Nonterminal, was not found in name map.)
(Residue 47: LEU, Nonterminal, was not found in name map.)
(Residue 48: ARG, Nonterminal, was not found in name map.)
(Residue 49: ASN, Nonterminal, was not found in name map.)
(Residue 50: LYS, Nonterminal, was not found in name map.)
(Residue 51: ASP, Nonterminal, was not found in name map.)
(Residue 52: VAL, Nonterminal, was not found in name map.)
(Residue 53: ALA, Nonterminal, was not found in name map.)
(Residue 54: ARG, Nonterminal, was not found in name map.)
(Residue 55: TYR, Nonterminal, was not found in name map.)
(Residue 56: ARG, Nonterminal, was not found in name map.)
(Residue 57: GLU, Nonterminal, was not found in name map.)
(Residue 58: ILE, Nonterminal, was not found in name map.)
(Residue 59: VAL, Nonterminal, was not found in name map.)
(Residue 60: GLU, Nonterminal, was not found in name map.)
(Residue 61: LYS, Nonterminal, was not found in name map.)
(Residue 62: LEU, Nonterminal, was not found in name map.)
(Residue 63: GLY, Nonterminal, was not found in name map.)
Mapped residue LEU, term: Terminal/last, seq. number: 64 to: CLEU.
Joining NGLY - SER
Joining SER - PRO
Joining PRO - GLU
Joining GLU - VAL
Joining VAL - GLN
Joining GLN - ILE
Joining ILE - ALA
Joining ALA - ILE
Joining ILE - LEU
Joining LEU - THR
Joining THR - GLU
Joining GLU - GLN
Joining GLN - ILE
Joining ILE - ASN
Joining ASN - ASN
Joining ASN - LEU
Joining LEU - ASN
Joining ASN - GLU
Joining GLU - HIE
Joining HIE - LEU
Joining LEU - ARG
Joining ARG - VAL
Joining VAL - HIE
Joining HIE - LYS
Joining LYS - LYS
Joining LYS - ASP
Joining ASP - HIE
Joining HIE - HIE
Joining HIE - SER
Joining SER - ARG
Joining ARG - ARG
Joining ARG - GLY
Joining GLY - LEU
Joining LEU - LEU
Joining LEU - LYS
Joining LYS - MET
Joining MET - VAL
Joining VAL - GLY
Joining GLY - LYS
Joining LYS - ARG
Joining ARG - ARG
Joining ARG - ARG
Joining ARG - LEU
Joining LEU - LEU
Joining LEU - ALA
Joining ALA - TYR
Joining TYR - LEU
Joining LEU - ARG
Joining ARG - ASN
Joining ASN - LYS
Joining LYS - ASP
Joining ASP - VAL
Joining VAL - ALA
Joining ALA - ARG
Joining ARG - TYR
Joining TYR - ARG
Joining ARG - GLU
Joining GLU - ILE
Joining ILE - VAL
Joining VAL - GLU
Joining GLU - LYS
Joining LYS - LEU
Joining LEU - GLY
Joining GLY - CLEU
  total atoms in file: 541
  Leap added 580 missing atoms according to residue templates:
       580 H / lone pairs
> set default pbradii mbondi3
Using ArgH and AspGluO modified Bondi2 radii
> saveamberparm m empty_tag_11229_0001.parm7 NoH_empty_tag_11229_0001.rst7
Checking Unit.
WARNING: The unperturbed charge of the unit: 8.000000 is not zero.

 -- ignoring the warning.

Building topology.
Building atom parameters.
Building bond parameters.
Building angle parameters.
Building proper torsion parameters.
Building improper torsion parameters.
 total 212 improper torsions applied
Building H-Bond parameters.
Incorporating Non-Bonded adjustments.
Not Marking per-residue atom chain types.
Marking per-residue atom chain types.
  (Residues lacking connect0/connect1 - 
   these don't have chain types marked:

	res	total affected

	CLEU	1
	NGLY	1
  )
 (no restraints)
> quit
	Quit
