
          -------------------------------------------------------
          Amber 16 SANDER                              2016
          -------------------------------------------------------

| Run on 06/17/2016 at 12:15:45

|   Executable path: sander
| Working directory: /gpfs/gpfs/project1/dacase-001/haichit/rosseta_amber/amber_rosetta_methods/pdz/1be908_wt
|          Hostname: elf-login1


File Assignments:
|  MDIN: ../input/min.in                                                       
| MDOUT: out/min_NoH_9_2_9_9_repacked_wt_round_2_0020.out                      
|INPCRD: /gpfs/gpfs/project1/dacase-001/haichit/rosseta_amber/amber_rosetta_met
|  PARM: prmtop                                                                
|RESTRT: min_NoH_9_2_9_9_repacked_wt_round_2_0020.rst7                         
|  REFC: /gpfs/gpfs/project1/dacase-001/haichit/rosseta_amber/amber_rosetta_met
| MDVEL: mdvel                                                                 
| MDFRC: mdfrc                                                                 
|  MDEN: mden                                                                  
| MDCRD: mdcrd                                                                 
|MDINFO: mdinfo                                                                
|  MTMD: mtmd                                                                  
|INPDIP: inpdip                                                                
|RSTDIP: rstdip                                                                
|INPTRA: inptraj                                                               


 Here is the input file:

                                                                               
&cntrl                                                                         
    imin = 1, maxcyc=1000,                                                     
    ntx = 1,                                                                   
    ntxo = 2,                                                                  
    ntwr = 100, ntpr = 100,                                                    
    cut = 999.0,                                                               
    ntb = 0, igb = 8,                                                          
    ntmin=3, drms=0.01,                                                        
/                                                                              

--------------------------------------------------------------------------------
   1.  RESOURCE   USE: 
--------------------------------------------------------------------------------

| Flags:                                                                        
| New format PARM file being parsed.
| Version =    1.000 Date = 06/17/16 Time = 12:12:26
 NATOM  =    1851 NTYPES =      13 NBONH =     924 MBONA  =     938
 NTHETH =    2094 MTHETA =    1264 NPHIH =    4267 MPHIA  =    4005
 NHPARM =       0 NPARM  =       0 NNB   =   10151 NRES   =     123
 NBONA  =     938 NTHETA =    1264 NPHIA =    4005 NUMBND =      54
 NUMANG =     127 NPTRA  =     152 NATYP =      27 NPHB   =       0
 IFBOX  =       0 NMXRS  =      24 IFCAP =       0 NEXTRA =       0
 NCOPY  =       0

 Implicit solvent radii are ArgH and AspGluO modified Bondi2 radii (mbondi3)                                
 Replacing prmtop screening parameters with GBn2 (igb=8) values

|     Memory Use     Allocated
|     Real              160724
|     Hollerith           5678
|     Integer           123334
|     Max Pairs              1
|     nblistReal             0
|     nblist Int             0
|       Total             1759 kbytes

| Note: 1-4 EEL scale factors are being read from the topology file.

| Note: 1-4 VDW scale factors are being read from the topology file.
| Duplicated    0 dihedrals
| Duplicated    0 dihedrals

--------------------------------------------------------------------------------
   2.  CONTROL  DATA  FOR  THE  RUN
--------------------------------------------------------------------------------

default_name                                                                    

General flags:
     imin    =       1, nmropt  =       0

Nature and format of input:
     ntx     =       1, irest   =       0, ntrx    =       1

Nature and format of output:
     ntxo    =       2, ntpr    =     100, ntrx    =       1, ntwr    =     100
     iwrap   =       0, ntwx    =       0, ntwv    =       0, ntwe    =       0
     ioutfm  =       1, ntwprt  =       0, idecomp =       0, rbornstat=      0

Potential function:
     ntf     =       1, ntb     =       0, igb     =       8, nsnb    =      25
     ipol    =       0, gbsa    =       0, iesp    =       0
     dielc   =   1.00000, cut     = 999.00000, intdiel =   1.00000
     saltcon =   0.00000, offset  =   0.19514, surften =   0.00500
     rdt     =   0.00000, rgbmax  =  25.00000  extdiel =  78.50000
     alpb  =        0
     gbalphaH  =   0.78844, gbbetaH   =   0.79870,  gbgammaH  =    0.43733
     gbalphaC  =   0.73376, gbbetaC   =   0.50638,  gbgammaC  =    0.20584
     gbalphaN  =   0.50336, gbbetaN   =   0.31683,  gbgammaN  =    0.19292
     gbalphaOS =   0.86781, gbbetaOS  =   0.87664,  gbgammaOS =    0.38788
     gbalphaP  =   1.00000, gbbetaP   =   0.80000,  gbgammaP  =    4.85000
     gb_alpha_hnu  =   0.53705, gb_beta_hnu   =   0.36286,  gb_gamma_hnu  =    0.11670
     gb_alpha_cnu  =   0.33167, gb_beta_cnu   =   0.19684,  gb_gamma_cnu  =    0.09342
     gb_alpha_nnu  =   0.68631, gb_beta_nnu   =   0.46319,  gb_gamma_nnu  =    0.13872
     gb_alpha_onu  =   0.60634, gb_beta_onu   =   0.46301,  gb_gamma_onu  =    0.14226
     gb_alpha_pnu  =   0.41836, gb_beta_pnu   =   0.29005,  gb_gamma_pnu  =    0.10642

Frozen or restrained atoms:
     ibelly  =       0, ntr     =       0

Energy minimization:
     maxcyc  =    1000, ncyc    =      10, ntmin   =       3
     dx0     =   0.01000, drms    =   0.01000

LMOD:
     xmin_method                  = LBFGS
     lbfgs_memory_depth           =       3
     matrix_vector_product_method = forward finite difference
     xmin_verbosity               =       0
|  INFO: Old style inpcrd file read


--------------------------------------------------------------------------------
   3.  ATOMIC COORDINATES AND VELOCITIES
--------------------------------------------------------------------------------

default_name                                                                    
 begin time read from input coords =     0.000 ps

 Number of triangulated 3-point waters found:        0

--------------------------------------------------------------------------------
   4.  RESULTS
--------------------------------------------------------------------------------

  LMOD XMIN Minimization.

  Note: Owing to the behaviour of the XMIN algorithm,
        coordinates in the trajectory and intermediate
        restart files will not match up with energies
        in the mdout and mdinfo files. The final energy
        and final coordinates do match.



   NSTEP       ENERGY          RMS            GMAX         NAME    NUMBER
      0      -4.3998E+03     8.9513E+00     8.7361E+01     O         504

 BOND    =       68.0658  ANGLE   =      179.1565  DIHED      =     1265.1518
 VDWAALS =     -700.7265  EEL     =    -8364.0776  EGB        =    -1801.7969
 1-4 VDW =      542.6201  1-4 EEL =     4411.8485  RESTRAINT  =        0.0000


   NSTEP       ENERGY          RMS            GMAX         NAME    NUMBER
    100      -5.0280E+03     6.1772E-01     1.7217E+01     C        1849

 BOND    =       71.7155  ANGLE   =      216.8275  DIHED      =     1252.4661
 VDWAALS =     -918.6806  EEL     =    -8270.1983  EGB        =    -1861.8983
 1-4 VDW =      354.2666  1-4 EEL =     4127.4571  RESTRAINT  =        0.0000


   NSTEP       ENERGY          RMS            GMAX         NAME    NUMBER
    200      -5.0529E+03     1.5697E-01     2.4587E+00     C         503

 BOND    =       73.2994  ANGLE   =      218.1333  DIHED      =     1240.2251
 VDWAALS =     -906.5323  EEL     =    -8284.3721  EGB        =    -1866.3264
 1-4 VDW =      352.0322  1-4 EEL =     4120.6706  RESTRAINT  =        0.0000


   NSTEP       ENERGY          RMS            GMAX         NAME    NUMBER
    300      -5.0632E+03     1.3878E-01     2.4180E+00     CZ       1367

 BOND    =       75.3246  ANGLE   =      221.8378  DIHED      =     1232.9714
 VDWAALS =     -900.6546  EEL     =    -8279.0385  EGB        =    -1876.4090
 1-4 VDW =      349.5845  1-4 EEL =     4113.1443  RESTRAINT  =        0.0000


   NSTEP       ENERGY          RMS            GMAX         NAME    NUMBER
    400      -5.0696E+03     8.0143E-02     2.4242E+00     CD       1086

 BOND    =       74.5776  ANGLE   =      220.0417  DIHED      =     1232.4506
 VDWAALS =     -900.2680  EEL     =    -8294.0477  EGB        =    -1872.7956
 1-4 VDW =      350.6296  1-4 EEL =     4119.8309  RESTRAINT  =        0.0000


   NSTEP       ENERGY          RMS            GMAX         NAME    NUMBER
    500      -5.0709E+03     5.2365E-02     1.1795E+00     CD       1086

 BOND    =       74.6922  ANGLE   =      219.9311  DIHED      =     1231.5982
 VDWAALS =     -900.4845  EEL     =    -8299.2753  EGB        =    -1867.9128
 1-4 VDW =      350.4535  1-4 EEL =     4120.0796  RESTRAINT  =        0.0000


   NSTEP       ENERGY          RMS            GMAX         NAME    NUMBER
    600      -5.0718E+03     3.3249E-02     6.4065E-01     C         749

 BOND    =       74.8145  ANGLE   =      220.1605  DIHED      =     1230.4342
 VDWAALS =     -900.0843  EEL     =    -8302.7596  EGB        =    -1864.3476
 1-4 VDW =      350.5174  1-4 EEL =     4119.4748  RESTRAINT  =        0.0000


   NSTEP       ENERGY          RMS            GMAX         NAME    NUMBER
    700      -5.0753E+03     9.0419E-02     2.4284E+00     CD        515

 BOND    =       75.0333  ANGLE   =      220.6833  DIHED      =     1229.9424
 VDWAALS =     -896.6101  EEL     =    -8328.8777  EGB        =    -1844.3903
 1-4 VDW =      350.4438  1-4 EEL =     4118.5154  RESTRAINT  =        0.0000


   NSTEP       ENERGY          RMS            GMAX         NAME    NUMBER
    800      -5.0764E+03     4.1527E-02     5.1270E-01     CG        493

 BOND    =       74.9664  ANGLE   =      220.4880  DIHED      =     1228.9273
 VDWAALS =     -897.2746  EEL     =    -8327.8075  EGB        =    -1844.6516
 1-4 VDW =      350.6444  1-4 EEL =     4118.3482  RESTRAINT  =        0.0000


   NSTEP       ENERGY          RMS            GMAX         NAME    NUMBER
    900      -5.0767E+03     2.2546E-02     2.4640E-01     OE1       516

 BOND    =       75.0332  ANGLE   =      220.5977  DIHED      =     1228.6819
 VDWAALS =     -897.6113  EEL     =    -8327.3150  EGB        =    -1844.5321
 1-4 VDW =      350.5960  1-4 EEL =     4117.8000  RESTRAINT  =        0.0000


   NSTEP       ENERGY          RMS            GMAX         NAME    NUMBER
   1000      -5.0772E+03     1.4591E-02     1.4238E-01     O        1834

 BOND    =       75.0458  ANGLE   =      220.5367  DIHED      =     1228.2362
 VDWAALS =     -898.2807  EEL     =    -8324.8574  EGB        =    -1846.1442
 1-4 VDW =      350.6020  1-4 EEL =     4117.6671  RESTRAINT  =        0.0000

--------------------------------------------------------------------------------
   5.  TIMINGS
--------------------------------------------------------------------------------

|    Read coords time           0.02 ( 0.01% of Total)
|                Calc gb radii             56.12 (19.79% of Gen B)
|                Calc gb diag             105.10 (37.06% of Gen B)
|                Calc gb off-diag         122.36 (43.15% of Gen B)
|             Gen Born time            283.58 (100.0% of Nonbo)
|          Nonbond force            283.58 (99.26% of Force)
|          Bond/Angle/Dihedral        2.10 ( 0.74% of Force)
|       Force time               285.69 (100.0% of Runmd)
|    Runmd Time               285.69 (99.74% of Total)
|    Other                      0.73 ( 0.26% of Total)
| Total time               286.44 (100.0% of ALL  )

| Number of list builds   :          0

| Highest rstack allocated:          0
| Highest istack allocated:          0
|           Job began  at 12:15:45.805  on 06/17/2016
|           Setup done at 12:15:46.161  on 06/17/2016
|           Run   done at 12:20:32.320  on 06/17/2016
|     wallclock() was called   18388 times
